;  LST file generated by mikroListExporter - v.2.0 
; Date/Time: 2/18/2023 3:15:19 PM
;----------------------------------------------

;Address Opcode 	ASM
0x0000	0x2803      	GOTO       3
_main:
;CharmbixLab4.c,1 :: 		void main() {
;CharmbixLab4.c,2 :: 		TRISB = 0x00;
0x0003	0x1683      	BSF        STATUS, 5
0x0004	0x1303      	BCF        STATUS, 6
0x0005	0x0186      	CLRF       TRISB
;CharmbixLab4.c,5 :: 		while(1)
L_main0:
;CharmbixLab4.c,8 :: 		PORTB = 0x01;
0x0006	0x3001      	MOVLW      1
0x0007	0x1283      	BCF        STATUS, 5
0x0008	0x0086      	MOVWF      PORTB
;CharmbixLab4.c,9 :: 		delay_ms(500);
0x0009	0x300D      	MOVLW      13
0x000A	0x00FB      	MOVWF      R11
0x000B	0x30AF      	MOVLW      175
0x000C	0x00FC      	MOVWF      R12
0x000D	0x30B6      	MOVLW      182
0x000E	0x00FD      	MOVWF      R13
L_main2:
0x000F	0x0BFD      	DECFSZ     R13, 1
0x0010	0x280F      	GOTO       L_main2
0x0011	0x0BFC      	DECFSZ     R12, 1
0x0012	0x280F      	GOTO       L_main2
0x0013	0x0BFB      	DECFSZ     R11, 1
0x0014	0x280F      	GOTO       L_main2
0x0015	0x0000      	NOP
;CharmbixLab4.c,10 :: 		PORTB = 0x05;
0x0016	0x3005      	MOVLW      5
0x0017	0x0086      	MOVWF      PORTB
;CharmbixLab4.c,11 :: 		delay_ms(500);
0x0018	0x300D      	MOVLW      13
0x0019	0x00FB      	MOVWF      R11
0x001A	0x30AF      	MOVLW      175
0x001B	0x00FC      	MOVWF      R12
0x001C	0x30B6      	MOVLW      182
0x001D	0x00FD      	MOVWF      R13
L_main3:
0x001E	0x0BFD      	DECFSZ     R13, 1
0x001F	0x281E      	GOTO       L_main3
0x0020	0x0BFC      	DECFSZ     R12, 1
0x0021	0x281E      	GOTO       L_main3
0x0022	0x0BFB      	DECFSZ     R11, 1
0x0023	0x281E      	GOTO       L_main3
0x0024	0x0000      	NOP
;CharmbixLab4.c,12 :: 		PORTB = 0x15;
0x0025	0x3015      	MOVLW      21
0x0026	0x0086      	MOVWF      PORTB
;CharmbixLab4.c,13 :: 		delay_ms(500);
0x0027	0x300D      	MOVLW      13
0x0028	0x00FB      	MOVWF      R11
0x0029	0x30AF      	MOVLW      175
0x002A	0x00FC      	MOVWF      R12
0x002B	0x30B6      	MOVLW      182
0x002C	0x00FD      	MOVWF      R13
L_main4:
0x002D	0x0BFD      	DECFSZ     R13, 1
0x002E	0x282D      	GOTO       L_main4
0x002F	0x0BFC      	DECFSZ     R12, 1
0x0030	0x282D      	GOTO       L_main4
0x0031	0x0BFB      	DECFSZ     R11, 1
0x0032	0x282D      	GOTO       L_main4
0x0033	0x0000      	NOP
;CharmbixLab4.c,14 :: 		PORTB = 0x55;
0x0034	0x3055      	MOVLW      85
0x0035	0x0086      	MOVWF      PORTB
;CharmbixLab4.c,15 :: 		delay_ms(500);
0x0036	0x300D      	MOVLW      13
0x0037	0x00FB      	MOVWF      R11
0x0038	0x30AF      	MOVLW      175
0x0039	0x00FC      	MOVWF      R12
0x003A	0x30B6      	MOVLW      182
0x003B	0x00FD      	MOVWF      R13
L_main5:
0x003C	0x0BFD      	DECFSZ     R13, 1
0x003D	0x283C      	GOTO       L_main5
0x003E	0x0BFC      	DECFSZ     R12, 1
0x003F	0x283C      	GOTO       L_main5
0x0040	0x0BFB      	DECFSZ     R11, 1
0x0041	0x283C      	GOTO       L_main5
0x0042	0x0000      	NOP
;CharmbixLab4.c,16 :: 		PORTB = 0x54;
0x0043	0x3054      	MOVLW      84
0x0044	0x0086      	MOVWF      PORTB
;CharmbixLab4.c,17 :: 		delay_ms(500);
0x0045	0x300D      	MOVLW      13
0x0046	0x00FB      	MOVWF      R11
0x0047	0x30AF      	MOVLW      175
0x0048	0x00FC      	MOVWF      R12
0x0049	0x30B6      	MOVLW      182
0x004A	0x00FD      	MOVWF      R13
L_main6:
0x004B	0x0BFD      	DECFSZ     R13, 1
0x004C	0x284B      	GOTO       L_main6
0x004D	0x0BFC      	DECFSZ     R12, 1
0x004E	0x284B      	GOTO       L_main6
0x004F	0x0BFB      	DECFSZ     R11, 1
0x0050	0x284B      	GOTO       L_main6
0x0051	0x0000      	NOP
;CharmbixLab4.c,18 :: 		PORTB = 0x50;
0x0052	0x3050      	MOVLW      80
0x0053	0x0086      	MOVWF      PORTB
;CharmbixLab4.c,19 :: 		delay_ms(500);
0x0054	0x300D      	MOVLW      13
0x0055	0x00FB      	MOVWF      R11
0x0056	0x30AF      	MOVLW      175
0x0057	0x00FC      	MOVWF      R12
0x0058	0x30B6      	MOVLW      182
0x0059	0x00FD      	MOVWF      R13
L_main7:
0x005A	0x0BFD      	DECFSZ     R13, 1
0x005B	0x285A      	GOTO       L_main7
0x005C	0x0BFC      	DECFSZ     R12, 1
0x005D	0x285A      	GOTO       L_main7
0x005E	0x0BFB      	DECFSZ     R11, 1
0x005F	0x285A      	GOTO       L_main7
0x0060	0x0000      	NOP
;CharmbixLab4.c,20 :: 		PORTB = 0x40;
0x0061	0x3040      	MOVLW      64
0x0062	0x0086      	MOVWF      PORTB
;CharmbixLab4.c,21 :: 		delay_ms(500);
0x0063	0x300D      	MOVLW      13
0x0064	0x00FB      	MOVWF      R11
0x0065	0x30AF      	MOVLW      175
0x0066	0x00FC      	MOVWF      R12
0x0067	0x30B6      	MOVLW      182
0x0068	0x00FD      	MOVWF      R13
L_main8:
0x0069	0x0BFD      	DECFSZ     R13, 1
0x006A	0x2869      	GOTO       L_main8
0x006B	0x0BFC      	DECFSZ     R12, 1
0x006C	0x2869      	GOTO       L_main8
0x006D	0x0BFB      	DECFSZ     R11, 1
0x006E	0x2869      	GOTO       L_main8
0x006F	0x0000      	NOP
;CharmbixLab4.c,22 :: 		PORTB = 0x00;
0x0070	0x0186      	CLRF       PORTB
;CharmbixLab4.c,23 :: 		delay_ms(500);
0x0071	0x300D      	MOVLW      13
0x0072	0x00FB      	MOVWF      R11
0x0073	0x30AF      	MOVLW      175
0x0074	0x00FC      	MOVWF      R12
0x0075	0x30B6      	MOVLW      182
0x0076	0x00FD      	MOVWF      R13
L_main9:
0x0077	0x0BFD      	DECFSZ     R13, 1
0x0078	0x2877      	GOTO       L_main9
0x0079	0x0BFC      	DECFSZ     R12, 1
0x007A	0x2877      	GOTO       L_main9
0x007B	0x0BFB      	DECFSZ     R11, 1
0x007C	0x2877      	GOTO       L_main9
0x007D	0x0000      	NOP
;CharmbixLab4.c,26 :: 		PORTB = 0x02;
0x007E	0x3002      	MOVLW      2
0x007F	0x0086      	MOVWF      PORTB
;CharmbixLab4.c,27 :: 		delay_ms(500);
0x0080	0x300D      	MOVLW      13
0x0081	0x00FB      	MOVWF      R11
0x0082	0x30AF      	MOVLW      175
0x0083	0x00FC      	MOVWF      R12
0x0084	0x30B6      	MOVLW      182
0x0085	0x00FD      	MOVWF      R13
L_main10:
0x0086	0x0BFD      	DECFSZ     R13, 1
0x0087	0x2886      	GOTO       L_main10
0x0088	0x0BFC      	DECFSZ     R12, 1
0x0089	0x2886      	GOTO       L_main10
0x008A	0x0BFB      	DECFSZ     R11, 1
0x008B	0x2886      	GOTO       L_main10
0x008C	0x0000      	NOP
;CharmbixLab4.c,28 :: 		PORTB = 0x0A;
0x008D	0x300A      	MOVLW      10
0x008E	0x0086      	MOVWF      PORTB
;CharmbixLab4.c,29 :: 		delay_ms(500);
0x008F	0x300D      	MOVLW      13
0x0090	0x00FB      	MOVWF      R11
0x0091	0x30AF      	MOVLW      175
0x0092	0x00FC      	MOVWF      R12
0x0093	0x30B6      	MOVLW      182
0x0094	0x00FD      	MOVWF      R13
L_main11:
0x0095	0x0BFD      	DECFSZ     R13, 1
0x0096	0x2895      	GOTO       L_main11
0x0097	0x0BFC      	DECFSZ     R12, 1
0x0098	0x2895      	GOTO       L_main11
0x0099	0x0BFB      	DECFSZ     R11, 1
0x009A	0x2895      	GOTO       L_main11
0x009B	0x0000      	NOP
;CharmbixLab4.c,30 :: 		PORTB = 0x2A;
0x009C	0x302A      	MOVLW      42
0x009D	0x0086      	MOVWF      PORTB
;CharmbixLab4.c,31 :: 		delay_ms(500);
0x009E	0x300D      	MOVLW      13
0x009F	0x00FB      	MOVWF      R11
0x00A0	0x30AF      	MOVLW      175
0x00A1	0x00FC      	MOVWF      R12
0x00A2	0x30B6      	MOVLW      182
0x00A3	0x00FD      	MOVWF      R13
L_main12:
0x00A4	0x0BFD      	DECFSZ     R13, 1
0x00A5	0x28A4      	GOTO       L_main12
0x00A6	0x0BFC      	DECFSZ     R12, 1
0x00A7	0x28A4      	GOTO       L_main12
0x00A8	0x0BFB      	DECFSZ     R11, 1
0x00A9	0x28A4      	GOTO       L_main12
0x00AA	0x0000      	NOP
;CharmbixLab4.c,32 :: 		PORTB = 0xAA;
0x00AB	0x30AA      	MOVLW      170
0x00AC	0x0086      	MOVWF      PORTB
;CharmbixLab4.c,33 :: 		delay_ms(500);
0x00AD	0x300D      	MOVLW      13
0x00AE	0x00FB      	MOVWF      R11
0x00AF	0x30AF      	MOVLW      175
0x00B0	0x00FC      	MOVWF      R12
0x00B1	0x30B6      	MOVLW      182
0x00B2	0x00FD      	MOVWF      R13
L_main13:
0x00B3	0x0BFD      	DECFSZ     R13, 1
0x00B4	0x28B3      	GOTO       L_main13
0x00B5	0x0BFC      	DECFSZ     R12, 1
0x00B6	0x28B3      	GOTO       L_main13
0x00B7	0x0BFB      	DECFSZ     R11, 1
0x00B8	0x28B3      	GOTO       L_main13
0x00B9	0x0000      	NOP
;CharmbixLab4.c,34 :: 		PORTB = 0xA8;
0x00BA	0x30A8      	MOVLW      168
0x00BB	0x0086      	MOVWF      PORTB
;CharmbixLab4.c,35 :: 		delay_ms(500);
0x00BC	0x300D      	MOVLW      13
0x00BD	0x00FB      	MOVWF      R11
0x00BE	0x30AF      	MOVLW      175
0x00BF	0x00FC      	MOVWF      R12
0x00C0	0x30B6      	MOVLW      182
0x00C1	0x00FD      	MOVWF      R13
L_main14:
0x00C2	0x0BFD      	DECFSZ     R13, 1
0x00C3	0x28C2      	GOTO       L_main14
0x00C4	0x0BFC      	DECFSZ     R12, 1
0x00C5	0x28C2      	GOTO       L_main14
0x00C6	0x0BFB      	DECFSZ     R11, 1
0x00C7	0x28C2      	GOTO       L_main14
0x00C8	0x0000      	NOP
;CharmbixLab4.c,36 :: 		PORTB = 0xA0;
0x00C9	0x30A0      	MOVLW      160
0x00CA	0x0086      	MOVWF      PORTB
;CharmbixLab4.c,37 :: 		delay_ms(500);
0x00CB	0x300D      	MOVLW      13
0x00CC	0x00FB      	MOVWF      R11
0x00CD	0x30AF      	MOVLW      175
0x00CE	0x00FC      	MOVWF      R12
0x00CF	0x30B6      	MOVLW      182
0x00D0	0x00FD      	MOVWF      R13
L_main15:
0x00D1	0x0BFD      	DECFSZ     R13, 1
0x00D2	0x28D1      	GOTO       L_main15
0x00D3	0x0BFC      	DECFSZ     R12, 1
0x00D4	0x28D1      	GOTO       L_main15
0x00D5	0x0BFB      	DECFSZ     R11, 1
0x00D6	0x28D1      	GOTO       L_main15
0x00D7	0x0000      	NOP
;CharmbixLab4.c,38 :: 		PORTB = 0x80;
0x00D8	0x3080      	MOVLW      128
0x00D9	0x0086      	MOVWF      PORTB
;CharmbixLab4.c,39 :: 		delay_ms(500);
0x00DA	0x300D      	MOVLW      13
0x00DB	0x00FB      	MOVWF      R11
0x00DC	0x30AF      	MOVLW      175
0x00DD	0x00FC      	MOVWF      R12
0x00DE	0x30B6      	MOVLW      182
0x00DF	0x00FD      	MOVWF      R13
L_main16:
0x00E0	0x0BFD      	DECFSZ     R13, 1
0x00E1	0x28E0      	GOTO       L_main16
0x00E2	0x0BFC      	DECFSZ     R12, 1
0x00E3	0x28E0      	GOTO       L_main16
0x00E4	0x0BFB      	DECFSZ     R11, 1
0x00E5	0x28E0      	GOTO       L_main16
0x00E6	0x0000      	NOP
;CharmbixLab4.c,40 :: 		PORTB = 0x00;
0x00E7	0x0186      	CLRF       PORTB
;CharmbixLab4.c,41 :: 		delay_ms(500);
0x00E8	0x300D      	MOVLW      13
0x00E9	0x00FB      	MOVWF      R11
0x00EA	0x30AF      	MOVLW      175
0x00EB	0x00FC      	MOVWF      R12
0x00EC	0x30B6      	MOVLW      182
0x00ED	0x00FD      	MOVWF      R13
L_main17:
0x00EE	0x0BFD      	DECFSZ     R13, 1
0x00EF	0x28EE      	GOTO       L_main17
0x00F0	0x0BFC      	DECFSZ     R12, 1
0x00F1	0x28EE      	GOTO       L_main17
0x00F2	0x0BFB      	DECFSZ     R11, 1
0x00F3	0x28EE      	GOTO       L_main17
0x00F4	0x0000      	NOP
;CharmbixLab4.c,43 :: 		}
0x00F5	0x2806      	GOTO       L_main0
;CharmbixLab4.c,45 :: 		}
L_end_main:
0x00F6	0x28F6      	GOTO       $+0
; end of _main
Symbol List:
//** Routines locations **
//ADDRESS    SIZE    PROCEDURE
//----------------------------------------------
0x0003     [244]    _main
//** Variables locations ** 
//ADDRESS    SIZE    VARIABLE
//----------------------------------------------
0x0000       [1]    INDF
0x0003       [1]    STATUS
0x0004       [1]    FSR
0x0006       [1]    PORTB
0x000A       [1]    PCLATH
0x0020       [2]    ___DoICPAddr
0x0070       [1]    R0
0x0071       [1]    R1
0x0072       [1]    R2
0x0073       [1]    R3
0x0074       [1]    R4
0x0075       [1]    R5
0x0076       [1]    R6
0x0077       [1]    R7
0x0078       [1]    R8
0x0079       [1]    R9
0x007A       [1]    R10
0x007B       [1]    R11
0x007C       [1]    R12
0x007D       [1]    R13
0x007E       [1]    R14
0x007F       [1]    R15
0x0086       [1]    TRISB
